<?xml version="1.0" encoding="UTF-8"?>
<testng-results skipped="0" failed="0" ignored="0" total="1" passed="1">
  <reporter-output>
  </reporter-output>
  <suite name="Default suite" duration-ms="1791" started-at="2018-06-02T03:53:06Z" finished-at="2018-06-02T03:53:08Z">
    <groups>
    </groups>
    <test name="Default test" duration-ms="1791" started-at="2018-06-02T03:53:06Z" finished-at="2018-06-02T03:53:08Z">
      <class name="com.HttpClientPost.qa.TestCase.HttpClientPostMethodTest">
        <test-method status="PASS" signature="SetUp()[pri:0, instance:com.HttpClientPost.qa.TestCase.HttpClientPostMethodTest@18be83e4]" name="SetUp" is-config="true" duration-ms="1712" started-at="2018-06-02T03:53:06Z" finished-at="2018-06-02T03:53:08Z">
          <reporter-output>
          </reporter-output>
        </test-method> <!-- SetUp -->
        <test-method status="PASS" signature="PostMethodWithHeadersTest()[pri:0, instance:com.HttpClientPost.qa.TestCase.HttpClientPostMethodTest@18be83e4]" name="PostMethodWithHeadersTest" duration-ms="42" started-at="2018-06-02T03:53:08Z" finished-at="2018-06-02T03:53:08Z">
          <reporter-output>
          </reporter-output>
        </test-method> <!-- PostMethodWithHeadersTest -->
      </class> <!-- com.HttpClientPost.qa.TestCase.HttpClientPostMethodTest -->
    </test> <!-- Default test -->
  </suite> <!-- Default suite -->
</testng-results>
